app/build/outputs/apk/manifest-merger-debug-report.txt
-- Merging decision tree log ---
manifest
ADDED from AndroidManifest.xml:2:1
	xmlns:android
		ADDED from AndroidManifest.xml:2:11
	package
		ADDED from AndroidManifest.xml:3:5
		INJECTED from AndroidManifest.xml:0:0
		INJECTED from AndroidManifest.xml:0:0
	android:versionName
		INJECTED from AndroidManifest.xml:0:0
		INJECTED from AndroidManifest.xml:0:0
	android:versionCode
		INJECTED from AndroidManifest.xml:0:0
		INJECTED from AndroidManifest.xml:0:0
uses-permission#com.android.alarm.permission.SET_ALARM
ADDED from AndroidManifest.xml:4:5
	android:name
		ADDED from AndroidManifest.xml:4:22
application
ADDED from AndroidManifest.xml:5:5
MERGED from com.android.support:appcompat-v7:21.0.3:16:5
MERGED from com.android.support:support-v4:21.0.3:16:5
MERGED from com.android.support:support-v4:21.0.3:16:5
	android:label
		ADDED from AndroidManifest.xml:8:9
	android:allowBackup
		ADDED from AndroidManifest.xml:6:9
	android:icon
		ADDED from AndroidManifest.xml:7:9
	android:theme
		ADDED from AndroidManifest.xml:10:9
activity#com.example.ruchit.database.MainActivity
ADDED from AndroidManifest.xml:11:9
	android:label
		ADDED from AndroidManifest.xml:14:13
	android:name
		ADDED from AndroidManifest.xml:13:13
receiver#com.example.ruchit.database.AlarmReceiver
ADDED from AndroidManifest.xml:15:13
	android:name
		ADDED from AndroidManifest.xml:15:23
intent-filter#android.intent.action.MAIN+android.intent.category.LAUNCHER
ADDED from AndroidManifest.xml:16:13
action#android.intent.action.MAIN
ADDED from AndroidManifest.xml:17:17
	android:name
		ADDED from AndroidManifest.xml:17:25
category#android.intent.category.LAUNCHER
ADDED from AndroidManifest.xml:19:17
	android:name
		ADDED from AndroidManifest.xml:19:27
activity#com.example.ruchit.database.yolo
ADDED from AndroidManifest.xml:25:9
	android:label
		ADDED from AndroidManifest.xml:27:13
	android:name
		ADDED from AndroidManifest.xml:26:13
uses-sdk
INJECTED from AndroidManifest.xml:0:0 reason: use-sdk injection requested
MERGED from com.android.support:appcompat-v7:21.0.3:15:5
MERGED from com.android.support:support-v4:21.0.3:15:5
MERGED from com.android.support:support-v4:21.0.3:15:5
	android:targetSdkVersion
		INJECTED from AndroidManifest.xml:0:0
		INJECTED from AndroidManifest.xml:0:0
	android:minSdkVersion
		INJECTED from AndroidManifest.xml:0:0
		INJECTED from AndroidManifest.xml:0:0